                                                                                                                                    
                                                                                                                                    
//RDR      JOB MSGLEVEL=1                                                                                                           
//STARTING EXEC RDR                                                                                                                 
XXIEFPROC  EXEC PGM=IEFIRC,                    READER FIRST LOAD       ,00010000                                                    
XX       REGION=54K,                          READER BASIC REGION      ,00020060                                                    
XX       PARM='80103005001024905010SYSDA   E00001A'   DEFAULT OPTIONS  ,00030000                                                    
XX*            BPPTTTOOOMMMIIICCCRLSSSSSSSSAAAAEFH   PARM FIELD         00040000                                                    
***       B    PROGRAMMER NAME AND ACCOUNT NUMBER NOT NEEDED            00050000                                                    
***            PROGRAM CAN BE ROLLED OUT                                00060000                                                    
***       PP   PRIORITY=01                                              00070000                                                    
***       TTT  JOB STEP INTERVAL=30 MINUTES                             00080000                                                    
***       OOO  PRIMARY SYSOUT SPACE=50 TRACKS                           00090000                                                    
***       MMM  SECONDARY SYSOUT SPACE=10 TRACKS                         00100000                                                    
***       III  READER/INTERPRETER DISPATCHING PRIORITY=249              00110000                                                    
***       CCC  JOB STEP DEFAULT REGION=50K                              00120060                                                    
***       R    DISPLAY AND EXECUTE COMMANDS=1                           00130000                                                    
***       L    BYPASS LABEL OPTION=0                                    00140000                                                    
***       SSSSSSSS  SYSOUT UNIT NAME=SYSDA                              00150000                                                    
***       AAAA COMMAND AUTHORITY FOR MCS=E000-ALL COMMANDS              00160000                                                    
***            MUST BE AUTHORIZED                                       00170000                                                    
***       EF   JCL AND ALLOCATION MESSAGE LEVEL DEFAULTS=01             00180000                                                    
***       H    DEFAULT MSGCLASS                                         00190000                                                    
//IEFPROC.IEFRDER DD UNIT=00C                                                                                                       
X/IEFRDER   DD  UNIT=5010,                       INPUT TAPE            ,00200000                                                    
XX             LABEL=(,NL),                      UNLABELED             ,00210000                                                    
XX             VOLUME=SER=SYSIN,                 VOLUME NAME           ,00220000                                                    
XX             DISP=OLD,                         OLD DATA SET          ,00230000                                                    
XX             DCB=(BLKSIZE=80,LRECL=80,BUFL=80,BUFNO=1,RECFM=F)        00240000                                                    
XXIEFPDSI   DD  DSNAME=SYS1.PROCLIB,DISP=SHR     PROCEDURE LIBRARY      00250000                                                    
XXIEFDATA   DD  UNIT=SYSDA,                      SPOOL DEVICE          ,00260000                                                    
XX             SPACE=(80,(500,500),RLSE,CONTIG),     AMOUNT            ,00270000                                                    
XX          DCB=(BLKSIZE=80,LRECL=80,BUFL=80,BUFNO=2,RECFM=F,DSORG=PS)  00280000                                                    
IEF251I RDR      JOB CANCELED                                                                                                       
IEF272I - STEP WAS NOT EXECUTED.                                                                                                    
                                                                                                                                    
                                                                                                                                    
//RDR      JOB MSGLEVEL=1                                                                                                           
//STARTING EXEC RDR                                                                                                                 
XXIEFPROC  EXEC PGM=IEFIRC,                    READER FIRST LOAD       ,00010000                                                    
XX       REGION=54K,                          READER BASIC REGION      ,00020060                                                    
XX       PARM='80103005001024905010SYSDA   E00001A'   DEFAULT OPTIONS  ,00030000                                                    
XX*            BPPTTTOOOMMMIIICCCRLSSSSSSSSAAAAEFH   PARM FIELD         00040000                                                    
***       B    PROGRAMMER NAME AND ACCOUNT NUMBER NOT NEEDED            00050000                                                    
***            PROGRAM CAN BE ROLLED OUT                                00060000                                                    
***       PP   PRIORITY=01                                              00070000                                                    
***       TTT  JOB STEP INTERVAL=30 MINUTES                             00080000                                                    
***       OOO  PRIMARY SYSOUT SPACE=50 TRACKS                           00090000                                                    
***       MMM  SECONDARY SYSOUT SPACE=10 TRACKS                         00100000                                                    
***       III  READER/INTERPRETER DISPATCHING PRIORITY=249              00110000                                                    
***       CCC  JOB STEP DEFAULT REGION=50K                              00120060                                                    
***       R    DISPLAY AND EXECUTE COMMANDS=1                           00130000                                                    
***       L    BYPASS LABEL OPTION=0                                    00140000                                                    
***       SSSSSSSS  SYSOUT UNIT NAME=SYSDA                              00150000                                                    
***       AAAA COMMAND AUTHORITY FOR MCS=E000-ALL COMMANDS              00160000                                                    
***            MUST BE AUTHORIZED                                       00170000                                                    
***       EF   JCL AND ALLOCATION MESSAGE LEVEL DEFAULTS=01             00180000                                                    
***       H    DEFAULT MSGCLASS                                         00190000                                                    
//IEFPROC.IEFRDER DD UNIT=00C                                                                                                       
X/IEFRDER   DD  UNIT=5010,                       INPUT TAPE            ,00200000                                                    
XX             LABEL=(,NL),                      UNLABELED             ,00210000                                                    
XX             VOLUME=SER=SYSIN,                 VOLUME NAME           ,00220000                                                    
XX             DISP=OLD,                         OLD DATA SET          ,00230000                                                    
XX             DCB=(BLKSIZE=80,LRECL=80,BUFL=80,BUFNO=1,RECFM=F)        00240000                                                    
XXIEFPDSI   DD  DSNAME=SYS1.PROCLIB,DISP=SHR     PROCEDURE LIBRARY      00250000                                                    
XXIEFDATA   DD  UNIT=SYSDA,                      SPOOL DEVICE          ,00260000                                                    
XX             SPACE=(80,(500,500),RLSE,CONTIG),     AMOUNT            ,00270000                                                    
XX          DCB=(BLKSIZE=80,LRECL=80,BUFL=80,BUFNO=2,RECFM=F,DSORG=PS)  00280000                                                    
                                                                                                                                    
                                                                                                                                    
//FIRST1 JOB MSGLEVEL=(1,1)                                                                                                         
//    EXEC PGM=IEHLIST                                                                                                              
//SYSPRINT DD SYSOUT=A                                                                                                              
//DD DD UNIT=SYSDA,VOL=SER=MVT617,DISP=SHR                                                                                          
//SYSIN DD *                                                                                                                        
//                                                                                                                                  
IEF236I ALLOC. FOR FIRST1                                                                                                           
IEF237I 132   ALLOCATED TO SYSPRINT                                                                                                 
IEF237I 132   ALLOCATED TO DD                                                                                                       
IEF237I 132   ALLOCATED TO SYSIN                                                                                                    
                                                                                                                                    
                                                                                                                                    
OC EC IEHLIST   62-10.80                     DATE 16.10.97           TIME  10.02.41             PAGE    1                           
                CONTENTS OF VTOC ON VOL MVT617                                                                                      
 FORMAT 4 DSCB NO AVAIL/MAX DSCB /MAX DIRECT  NO AVAIL NEXT ALT    FORMAT 6    LAST FMT 1     VTOC EXTENT      THIS DSCB            
           VI   DSCBS   PER TRK  BLK PER TRK  ALT TRK  TRK(C-H)    (C-H-R)     DSCB(C-H-R)/LOW(C-H) HIGH(C-H)  (C-H-R)              
           02     169       25         17         57    200   3                 99  15  14   99  12  99  19   99  12   1            
 FORMAT 5 DSCB     A = NUMBER OF TRKS IN ADDITION TO FULL CYLS IN THE EXTENT                                                        
       TRK  FULL          TRK  FULL          TRK  FULL          TRK  FULL          TRK  FULL          TRK  FULL                     
      ADDR  CYLS   A     ADDR  CYLS   A     ADDR  CYLS   A     ADDR  CYLS   A     ADDR  CYLS   A     ADDR  CYLS   A                 
         1     9   31     237     0    8     255     2    8     332     0    1     554     2    6    1809     0   13                
      1823     0   17    2300    31   12    3665     1   25    3720     7    0                                                      
                 DSCB(C-H-R)  99  12   2                                                                                            
                                                                                                                                    
---------------DATA SET NAME---------------  ID  SER NO  SEQ NO  CREDT   EXPDT  NO EXT  DSORG  RECFM  OPTCD  BLKSIZE                
SYSCTLG                                       1  SMOAAA      1   36699   00000     1     UN    *       00         0                 
            LRECL  KEYLEN  INITIAL ALLOC  2ND ALLOC/LAST BLK PTR(T-R-L)   USED PDS BYTES  FMT 2 OR 3(C-H-R)/DSCB(C-H-R)             
                0            TRKS               0          0 255  7294                                       99  12   3             
            EXTENTS  NO  LOW(C-H)   HIGH(C-H)                                                                                       
                      0    99   2      99  11                                                                                       
                                ----UNABLE TO CALCULATE EMPTY SPACE.                                                                
                                                                                                                                    
---------------DATA SET NAME---------------  ID  SER NO  SEQ NO  CREDT   EXPDT  NO EXT  DSORG  RECFM  OPTCD  BLKSIZE                
SYS1.PARMLIB                                  1  MVT617      1   36699   00000     1     PO    F       20        80                 
            LRECL  KEYLEN  INITIAL ALLOC  2ND ALLOC/LAST BLK PTR(T-R-L)   USED PDS BYTES  FMT 2 OR 3(C-H-R)/DSCB(C-H-R)             
               80            TRKS               0          2  28  2634                                       99  12   4             
            EXTENTS  NO  LOW(C-H)   HIGH(C-H)                                                                                       
                      0    16  13      16  15                                                                                       
                                ----ON THE ABOVE DATA SET,THERE ARE    0 EMPTY TRACK(S).                                            
                                                                                                                                    
---------------DATA SET NAME---------------  ID  SER NO  SEQ NO  CREDT   EXPDT  NO EXT  DSORG  RECFM  OPTCD  BLKSIZE                
SYS1.SVCLIB                                   1  MVT617      1   36699   00000     2     PO    U       01      1024                 
            LRECL  KEYLEN  INITIAL ALLOC  2ND ALLOC/LAST BLK PTR(T-R-L)   USED PDS BYTES  FMT 2 OR 3(C-H-R)/DSCB(C-H-R)             
                0            TRKS              20        366  19  1146                                       99  12   5             
            EXTENTS  NO  LOW(C-H)   HIGH(C-H)    NO  LOW(C-H)   HIGH(C-H)                                                           
                      0   146  12     164  18     1    10  12      11  11                                                           
                                ----ON THE ABOVE DATA SET,THERE ARE   20 EMPTY TRACK(S).                                            
                                                                                                                                    
OC EC IEHLIST   62-10.80                     DATE 16.10.97           TIME  10.02.41             PAGE    2                           
                                                                                                                                    
---------------DATA SET NAME---------------  ID  SER NO  SEQ NO  CREDT   EXPDT  NO EXT  DSORG  RECFM  OPTCD  BLKSIZE                
LOOKMVT                                       1  MVT617      1   00493   00000     1     PO    U       01      7294                 
            LRECL  KEYLEN  INITIAL ALLOC  2ND ALLOC/LAST BLK PTR(T-R-L)   USED PDS BYTES  FMT 2 OR 3(C-H-R)/DSCB(C-H-R)             
                0            TRKS               3         21  10  2045                                       99  12   6             
            EXTENTS  NO  LOW(C-H)   HIGH(C-H)                                                                                       
                      0    15   7      16  11                                                                                       
                                ----ON THE ABOVE DATA SET,THERE ARE    3 EMPTY TRACK(S).                                            
                                                                                                                                    
---------------DATA SET NAME---------------  ID  SER NO  SEQ NO  CREDT   EXPDT  NO EXT  DSORG  RECFM  OPTCD  BLKSIZE                
SYS1.PROCLIB                                  1  MVT617      1   36699   00000     3     PO    F       20        80                 
            LRECL  KEYLEN  INITIAL ALLOC  2ND ALLOC/LAST BLK PTR(T-R-L)   USED PDS BYTES  FMT 2 OR 3(C-H-R)/DSCB(C-H-R)             
               80            TRKS              10        171   5  6456                                       99  12   7             
            EXTENTS  NO  LOW(C-H)   HIGH(C-H)    NO  LOW(C-H)   HIGH(C-H)    NO  LOW(C-H)   HIGH(C-H)                               
                      0   164  19     172  13     1    12   5      12  14     2   185  10     185  19                               
                                ----ON THE ABOVE DATA SET,THERE ARE    3 EMPTY TRACK(S).                                            
                                                                                                                                    
---------------DATA SET NAME---------------  ID  SER NO  SEQ NO  CREDT   EXPDT  NO EXT  DSORG  RECFM  OPTCD  BLKSIZE                
SYS1.DCMLIB                                   1  MVT617      1   36699   00000     1     PO    U       00      7294                 
            LRECL  KEYLEN  INITIAL ALLOC  2ND ALLOC/LAST BLK PTR(T-R-L)   USED PDS BYTES  FMT 2 OR 3(C-H-R)/DSCB(C-H-R)             
                0            TRKS               0          1   4     0                                       99  12   8             
            EXTENTS  NO  LOW(C-H)   HIGH(C-H)                                                                                       
                      0    99   0      99   1                                                                                       
                                ----ON THE ABOVE DATA SET,THERE ARE    0 EMPTY TRACK(S).                                            
                                                                                                                                    
---------------DATA SET NAME---------------  ID  SER NO  SEQ NO  CREDT   EXPDT  NO EXT  DSORG  RECFM  OPTCD  BLKSIZE                
SYS1.LINKLIB                                  1  MVT617      1   36699   00000     1     PO    U       01      7294                 
            LRECL  KEYLEN  INITIAL ALLOC  2ND ALLOC/LAST BLK PTR(T-R-L)   USED PDS BYTES  FMT 2 OR 3(C-H-R)/DSCB(C-H-R)             
                0            TRKS              20        978   5  1793                                       99  12   9             
            EXTENTS  NO  LOW(C-H)   HIGH(C-H)                                                                                       
                      0    39   1      87  19                                                                                       
                                ----ON THE ABOVE DATA SET,THERE ARE    0 EMPTY TRACK(S).                                            
                                                                                                                                    
OC EC IEHLIST   62-10.80                     DATE 16.10.97           TIME  10.02.41             PAGE    3                           
                                                                                                                                    
---------------DATA SET NAME---------------  ID  SER NO  SEQ NO  CREDT   EXPDT  NO EXT  DSORG  RECFM  OPTCD  BLKSIZE                
SYS1.PL1LIB                                   1  MVT617      1   36699   00000     1     PO    U       00      7294                 
            LRECL  KEYLEN  INITIAL ALLOC  2ND ALLOC/LAST BLK PTR(T-R-L)   USED PDS BYTES  FMT 2 OR 3(C-H-R)/DSCB(C-H-R)             
                0            TRKS              10         67  20  2684                                       99  12  10             
            EXTENTS  NO  LOW(C-H)   HIGH(C-H)                                                                                       
                      0   172  14     176   1                                                                                       
                                ----ON THE ABOVE DATA SET,THERE ARE    0 EMPTY TRACK(S).                                            
                                                                                                                                    
---------------DATA SET NAME---------------  ID  SER NO  SEQ NO  CREDT   EXPDT  NO EXT  DSORG  RECFM  OPTCD  BLKSIZE                
SYS1.FORTLIB                                  1  MVT617      1   36699   00000     1     PO    U       01      7294                 
            LRECL  KEYLEN  INITIAL ALLOC  2ND ALLOC/LAST BLK PTR(T-R-L)   USED PDS BYTES  FMT 2 OR 3(C-H-R)/DSCB(C-H-R)             
                0            TRKS              10         58   5  5148                                       99  12  11             
            EXTENTS  NO  LOW(C-H)   HIGH(C-H)                                                                                       
                      0    21  15      24  13                                                                                       
                                ----ON THE ABOVE DATA SET,THERE ARE    0 EMPTY TRACK(S).                                            
                                                                                                                                    
---------------DATA SET NAME---------------  ID  SER NO  SEQ NO  CREDT   EXPDT  NO EXT  DSORG  RECFM  OPTCD  BLKSIZE                
SYS1.SORTLIB                                  1  MVT617      1   36699   00000     1     PO    U       00      3625                 
            LRECL  KEYLEN  INITIAL ALLOC  2ND ALLOC/LAST BLK PTR(T-R-L)   USED PDS BYTES  FMT 2 OR 3(C-H-R)/DSCB(C-H-R)             
                0            TRKS              10         50   6  6193                                       99  12  12             
            EXTENTS  NO  LOW(C-H)   HIGH(C-H)                                                                                       
                      0    19   4      21  14                                                                                       
                                ----ON THE ABOVE DATA SET,THERE ARE    0 EMPTY TRACK(S).                                            
                                                                                                                                    
---------------DATA SET NAME---------------  ID  SER NO  SEQ NO  CREDT   EXPDT  NO EXT  DSORG  RECFM  OPTCD  BLKSIZE                
SYS1.TELCMLIB                                 1  MVT617      1   36699   00000     1     PO    U       80      3625                 
            LRECL  KEYLEN  INITIAL ALLOC  2ND ALLOC/LAST BLK PTR(T-R-L)   USED PDS BYTES  FMT 2 OR 3(C-H-R)/DSCB(C-H-R)             
                0            TRKS              10         57  23  3028                                       99  12  13             
            EXTENTS  NO  LOW(C-H)   HIGH(C-H)                                                                                       
                      0   176   2     178  19                                                                                       
                                ----ON THE ABOVE DATA SET,THERE ARE    0 EMPTY TRACK(S).                                            
                                                                                                                                    
OC EC IEHLIST   62-10.80                     DATE 16.10.97           TIME  10.02.41             PAGE    4                           
                                                                                                                                    
---------------DATA SET NAME---------------  ID  SER NO  SEQ NO  CREDT   EXPDT  NO EXT  DSORG  RECFM  OPTCD  BLKSIZE                
SYS1.SYSVLOGX                                 1  MVT617      1   36699   00000     1     PS    VB      80       740                 
            LRECL  KEYLEN  INITIAL ALLOC  2ND ALLOC/LAST BLK PTR(T-R-L)   USED PDS BYTES  FMT 2 OR 3(C-H-R)/DSCB(C-H-R)             
              130            TRKS               0          0   0  7294                                       99  12  14             
            EXTENTS  NO  LOW(C-H)   HIGH(C-H)                                                                                       
                      0    89   0      89  19                                                                                       
                                ----ON THE ABOVE DATA SET,THERE ARE   20 EMPTY TRACK(S).                                            
                                                                                                                                    
---------------DATA SET NAME---------------  ID  SER NO  SEQ NO  CREDT   EXPDT  NO EXT  DSORG  RECFM  OPTCD  BLKSIZE                
SYS1.SYSVLOGY                                 1  MVT617      1   08083   00000     1     PS    VB      80       740                 
            LRECL  KEYLEN  INITIAL ALLOC  2ND ALLOC/LAST BLK PTR(T-R-L)   USED PDS BYTES  FMT 2 OR 3(C-H-R)/DSCB(C-H-R)             
              130            TRKS               0          7   6  2724                                       99  12  15             
            EXTENTS  NO  LOW(C-H)   HIGH(C-H)                                                                                       
                      0    88   0      88  19                                                                                       
                                ----ON THE ABOVE DATA SET,THERE ARE   12 EMPTY TRACK(S).                                            
                                                                                                                                    
---------------DATA SET NAME---------------  ID  SER NO  SEQ NO  CREDT   EXPDT  NO EXT  DSORG  RECFM  OPTCD  BLKSIZE                
JEC.HELP                                      1  MVT617      1   18783   00000     2     PO    FB      20       800                 
            LRECL  KEYLEN  INITIAL ALLOC  2ND ALLOC/LAST BLK PTR(T-R-L)   USED PDS BYTES  FMT 2 OR 3(C-H-R)/DSCB(C-H-R)             
               80            TRKS               4         15   5  5038                                       99  12  16             
            EXTENTS  NO  LOW(C-H)   HIGH(C-H)    NO  LOW(C-H)   HIGH(C-H)                                                           
                      0    16  16      17   8     1    15   3      15   6                                                           
                                ----ON THE ABOVE DATA SET,THERE ARE    1 EMPTY TRACK(S).                                            
                                                                                                                                    
---------------DATA SET NAME---------------  ID  SER NO  SEQ NO  CREDT   EXPDT  NO EXT  DSORG  RECFM  OPTCD  BLKSIZE                
SYS1.SYSJOBQE                                 1  MVT617      1   36699   00000     1     PS    *       00         0                 
            LRECL  KEYLEN  INITIAL ALLOC  2ND ALLOC/LAST BLK PTR(T-R-L)   USED PDS BYTES  FMT 2 OR 3(C-H-R)/DSCB(C-H-R)             
                0            TRKS               0          0   0  7294                                       99  12  17             
            EXTENTS  NO  LOW(C-H)   HIGH(C-H)                                                                                       
                      0   100   0     114  19                                                                                       
                                ----ON THE ABOVE DATA SET,THERE ARE  300 EMPTY TRACK(S).                                            
                                                                                                                                    
OC EC IEHLIST   62-10.80                     DATE 16.10.97           TIME  10.02.41             PAGE    5                           
                                                                                                                                    
---------------DATA SET NAME---------------  ID  SER NO  SEQ NO  CREDT   EXPDT  NO EXT  DSORG  RECFM  OPTCD  BLKSIZE                
TV.SYSUTV                                     1  MVT617      1   00000   00000     1     UN    *       00         0                 
            LRECL  KEYLEN  INITIAL ALLOC  2ND ALLOC/LAST BLK PTR(T-R-L)   USED PDS BYTES  FMT 2 OR 3(C-H-R)/DSCB(C-H-R)             
                0            RECS CONTIG        0          0   0  7294                                       99  12  18             
            EXTENTS  NO  LOW(C-H)   HIGH(C-H)                                                                                       
                      0   180  15     181  18                                                                                       
                                ----UNABLE TO CALCULATE EMPTY SPACE.                                                                
                                                                                                                                    
---------------DATA SET NAME---------------  ID  SER NO  SEQ NO  CREDT   EXPDT  NO EXT  DSORG  RECFM  OPTCD  BLKSIZE                
JEC.TVL                                       1  MVT617      1   07285   00000     2     PO    U       20      3625                 
            LRECL  KEYLEN  INITIAL ALLOC  2ND ALLOC/LAST BLK PTR(T-R-L)   USED PDS BYTES  FMT 2 OR 3(C-H-R)/DSCB(C-H-R)             
                0            TRKS              10        135  13  2549                                       99  12  19             
            EXTENTS  NO  LOW(C-H)   HIGH(C-H)    NO  LOW(C-H)   HIGH(C-H)                                                           
                      0   193   0     199  19     1    24  14      25   3                                                           
                                ----ON THE ABOVE DATA SET,THERE ARE   14 EMPTY TRACK(S).                                            
                                                                                                                                    
---------------DATA SET NAME---------------  ID  SER NO  SEQ NO  CREDT   EXPDT  NO EXT  DSORG  RECFM  OPTCD  BLKSIZE                
SYS1.LOGREC                                   1  MVT617      1   30682   00000     1     PS    U       00        40                 
            LRECL  KEYLEN  INITIAL ALLOC  2ND ALLOC/LAST BLK PTR(T-R-L)   USED PDS BYTES  FMT 2 OR 3(C-H-R)/DSCB(C-H-R)             
               40            TRKS CONTIG        0         34   2  7294                                       99  12  20             
            EXTENTS  NO  LOW(C-H)   HIGH(C-H)                                                                                       
                      0   179   0     180  14                                                                                       
                                ----ON THE ABOVE DATA SET,THERE ARE    0 EMPTY TRACK(S).                                            
                                                                                                                                    
---------------DATA SET NAME---------------  ID  SER NO  SEQ NO  CREDT   EXPDT  NO EXT  DSORG  RECFM  OPTCD  BLKSIZE                
SYS1.ASRLIB                                   1  MVT617      1   30682   00000     1     PS    V       00         0                 
            LRECL  KEYLEN  INITIAL ALLOC  2ND ALLOC/LAST BLK PTR(T-R-L)   USED PDS BYTES  FMT 2 OR 3(C-H-R)/DSCB(C-H-R)             
                0            TRKS CONTIG        0          0   0  7294                                       99  12  21             
            EXTENTS  NO  LOW(C-H)   HIGH(C-H)                                                                                       
                      0   182  14     183   4                                                                                       
                                ----ON THE ABOVE DATA SET,THERE ARE   11 EMPTY TRACK(S).                                            
                                                                                                                                    
OC EC IEHLIST   62-10.80                     DATE 16.10.97           TIME  10.02.41             PAGE    6                           
                                                                                                                                    
---------------DATA SET NAME---------------  ID  SER NO  SEQ NO  CREDT   EXPDT  NO EXT  DSORG  RECFM  OPTCD  BLKSIZE                
SYS1.NUCLEUS                                  1  MVT617      1   30982   36699     1     PO    U       00      7294                 
            LRECL  KEYLEN  INITIAL ALLOC  2ND ALLOC/LAST BLK PTR(T-R-L)   USED PDS BYTES  FMT 2 OR 3(C-H-R)/DSCB(C-H-R)             
                0            TRKS CONTIG        0         34  12  1606                                       99  12  22             
            EXTENTS  NO  LOW(C-H)   HIGH(C-H)                                                                                       
                      0    17   9      19   3                                                                                       
                                ----ON THE ABOVE DATA SET,THERE ARE    0 EMPTY TRACK(S).                                            
                                                                                                                                    
---------------DATA SET NAME---------------  ID  SER NO  SEQ NO  CREDT   EXPDT  NO EXT  DSORG  RECFM  OPTCD  BLKSIZE                
SYSUTV                                        1  MVT617      1   00000   00000     1     DA    F       01      1622                 
            LRECL  KEYLEN  INITIAL ALLOC  2ND ALLOC/LAST BLK PTR(T-R-L)   USED PDS BYTES  FMT 2 OR 3(C-H-R)/DSCB(C-H-R)             
              440            CYLS CONTIG        0         99   4   126                                       99  12  23             
            EXTENTS  NO  LOW(C-H)   HIGH(C-H)                                                                                       
                      0    94   0      98  19                                                                                       
                                ----UNABLE TO CALCULATE EMPTY SPACE.                                                                
                                                                                                                                    
---------------DATA SET NAME---------------  ID  SER NO  SEQ NO  CREDT   EXPDT  NO EXT  DSORG  RECFM  OPTCD  BLKSIZE                
SYS1.KPOCOLIB                                 1  MVT617      1   08883   36699     1     PS    U       00      1536                 
            LRECL  KEYLEN  INITIAL ALLOC  2ND ALLOC/LAST BLK PTR(T-R-L)   USED PDS BYTES  FMT 2 OR 3(C-H-R)/DSCB(C-H-R)             
                0            RECS CONTIG        0          0   4   482                                       99  12  24             
            EXTENTS  NO  LOW(C-H)   HIGH(C-H)                                                                                       
                      0   181  19     182  13                                                                                       
                                ----ON THE ABOVE DATA SET,THERE ARE             56 EMPTY BLOCK(S).                                  
                                                                                                                                    
---------------DATA SET NAME---------------  ID  SER NO  SEQ NO  CREDT   EXPDT  NO EXT  DSORG  RECFM  OPTCD  BLKSIZE                
SERVICE.LOAD                                  1  MVT617      1   14384   00000     1     PO    U       20      3625                 
            LRECL  KEYLEN  INITIAL ALLOC  2ND ALLOC/LAST BLK PTR(T-R-L)   USED PDS BYTES  FMT 2 OR 3(C-H-R)/DSCB(C-H-R)             
                0            RECS              20        180   7   228                                       99  12  25             
            EXTENTS  NO  LOW(C-H)   HIGH(C-H)                                                                                       
                      0    30   0      39   0                                                                                       
                                ----ON THE ABOVE DATA SET,THERE ARE              0 EMPTY BLOCK(S).                                  
                                                                                                                                    
OC EC IEHLIST   62-10.80                     DATE 16.10.97           TIME  10.02.41             PAGE    7                           
                                                                                                                                    
---------------DATA SET NAME---------------  ID  SER NO  SEQ NO  CREDT   EXPDT  NO EXT  DSORG  RECFM  OPTCD  BLKSIZE                
SYS97079.T175359.SV004.JEC.R0000002           1  MVT617      1   07997   00000     1     UN    *       00         0                 
            LRECL  KEYLEN  INITIAL ALLOC  2ND ALLOC/LAST BLK PTR(T-R-L)   USED PDS BYTES  FMT 2 OR 3(C-H-R)/DSCB(C-H-R)             
                0            TRKS               1          0   0  7294                                       99  13   1             
            EXTENTS  NO  LOW(C-H)   HIGH(C-H)                                                                                       
                      0    11  12      11  16                                                                                       
                                ----UNABLE TO CALCULATE EMPTY SPACE.                                                                
                                                                                                                                    
---------------DATA SET NAME---------------  ID  SER NO  SEQ NO  CREDT   EXPDT  NO EXT  DSORG  RECFM  OPTCD  BLKSIZE                
SYS1.SERVICE                                  1  MVT617      1   01883   00000     1     PO    U       20      7294                 
            LRECL  KEYLEN  INITIAL ALLOC  2ND ALLOC/LAST BLK PTR(T-R-L)   USED PDS BYTES  FMT 2 OR 3(C-H-R)/DSCB(C-H-R)             
                0            CYLS               1         20   7   651          230                          99  13   2             
            EXTENTS  NO  LOW(C-H)   HIGH(C-H)                                                                                       
                      0    92   0      93  19                                                                                       
                                ----ON THE ABOVE DATA SET,THERE ARE    0 EMPTY CYLINDER(S) PLUS   19 EMPTY TRACK(S).                
                                                                                                                                    
---------------DATA SET NAME---------------  ID  SER NO  SEQ NO  CREDT   EXPDT  NO EXT  DSORG  RECFM  OPTCD  BLKSIZE                
SYS97079.T175359.SV004.JEC.R0000004           1  MVT617      1   07997   00000     1     PS    F       00        80                 
            LRECL  KEYLEN  INITIAL ALLOC  2ND ALLOC/LAST BLK PTR(T-R-L)   USED PDS BYTES  FMT 2 OR 3(C-H-R)/DSCB(C-H-R)             
               80            TRKS               1          0   0  7294                                       99  13   4             
            EXTENTS  NO  LOW(C-H)   HIGH(C-H)                                                                                       
                      0    90   0      90   4                                                                                       
                                ----ON THE ABOVE DATA SET,THERE ARE    5 EMPTY TRACK(S).                                            
                                                                                                                                    
---------------DATA SET NAME---------------  ID  SER NO  SEQ NO  CREDT   EXPDT  NO EXT  DSORG  RECFM  OPTCD  BLKSIZE                
SYS97079.T175359.RV004.JEC.R0000006           1  MVT617      1   07997   00000     1     UN    VB  A   00       800                 
            LRECL  KEYLEN  INITIAL ALLOC  2ND ALLOC/LAST BLK PTR(T-R-L)   USED PDS BYTES  FMT 2 OR 3(C-H-R)/DSCB(C-H-R)             
              129            RECS              10          0   0  7294                                       99  13   5             
            EXTENTS  NO  LOW(C-H)   HIGH(C-H)                                                                                       
                      0    90   5      90   8                                                                                       
                                ----UNABLE TO CALCULATE EMPTY SPACE.                                                                
                                                                                                                                    
OC EC IEHLIST   62-10.80                     DATE 16.10.97           TIME  10.02.41             PAGE    8                           
                                                                                                                                    
---------------DATA SET NAME---------------  ID  SER NO  SEQ NO  CREDT   EXPDT  NO EXT  DSORG  RECFM  OPTCD  BLKSIZE                
SYS97289.T095924.RV000.FIRST1.S0000003        1              1   28997   00000     1     PS    FB      00        80                 
            LRECL  KEYLEN  INITIAL ALLOC  2ND ALLOC/LAST BLK PTR(T-R-L)   USED PDS BYTES  FMT 2 OR 3(C-H-R)/DSCB(C-H-R)             
               80            RECS CONTIG      500          0   1  7110                                       99  13   6             
            EXTENTS  NO  LOW(C-H)   HIGH(C-H)                                                                                       
                      0    91   2      91   2                                                                                       
                                ----ON THE ABOVE DATA SET,THERE ARE             38 EMPTY BLOCK(S).                                  
                                                                                                                                    
---------------DATA SET NAME---------------  ID  SER NO  SEQ NO  CREDT   EXPDT  NO EXT  DSORG  RECFM  OPTCD  BLKSIZE                
SYS97289.T095924.SV000.FIRST1.R0000001        1  MVT617      1   28997   00000     1     PS    FB  A   00       121                 
            LRECL  KEYLEN  INITIAL ALLOC  2ND ALLOC/LAST BLK PTR(T-R-L)   USED PDS BYTES  FMT 2 OR 3(C-H-R)/DSCB(C-H-R)             
              121            TRKS              10          0   0  7294                                       99  13   7             
            EXTENTS  NO  LOW(C-H)   HIGH(C-H)                                                                                       
                      0    25   4      27  13                                                                                       
                                ----ON THE ABOVE DATA SET,THERE ARE   50 EMPTY TRACK(S).                                            
                                                                                                                                    
 THERE ARE   52 EMPTY CYLINDERS PLUS  121 EMPTY TRACKS ON THIS VOLUME                                                               
 THERE ARE  169 BLANK DSCBS IN THE VTOC ON THIS VOLUME                                                                              
                                                                                                                                    
                                                                                                                                    
IEF142I - STEP WAS EXECUTED - COND CODE 0000                                                                                        
IEF285I   SYS97289.T095924.SV000.FIRST1.R0000001       SYSOUT                                                                       
IEF285I   VOL SER NOS= MVT617.                                                                                                      
IEF285I   SYS97289.T095924.RV000.FIRST1.R0000002       KEPT                                                                         
IEF285I   VOL SER NOS= MVT617.                                                                                                      
IEF285I   SYS97289.T095924.RV000.FIRST1.S0000003       SYSIN                                                                        
IEF285I   VOL SER NOS= MVT617.                                                                                                      
IEF285I   SYS97289.T095924.RV000.FIRST1.S0000003       DELETED                                                                      
IEF285I   VOL SER NOS= MVT617.                                                                                                      
IEF373I STEP /        / START 97289.1002                                                                                            
IEF374I STEP /        / STOP  97289.1002 CPU   2MIN 27.04SEC MAIN  26K                                                              
IEF375I  JOB /FIRST1  / START 97289.1002                                                                                            
IEF376I  JOB /FIRST1  / STOP  97289.1002 CPU   2MIN 27.04SEC                                                                        
