                                                                                                                                    
//WTR      JOB MSGLEVEL=1                                                                                                           
//STARTING EXEC WTR                                                                                                                 
XXIEFPROC EXEC PGM=IEFSD080,                                           *00010000                                                    
XX             REGION=20K,                                             *00020000                                                    
XX             ROLL=(NO,NO),                                           *00030000                                                    
XX             PARM='PA'                                                00040000                                                    
//IEFPROC.IEFRDER DD UNIT=00E                                                                                                       
X/IEFRDER  DD  UNIT=7030,                                              *00050000                                                    
XX             VOLUME=(,,,35),                                         *00060000                                                    
XX             DSNAME=SYSOUT,                                          *00070000                                                    
XX             DISP=(NEW,KEEP),                                        *00080000                                                    
XX             DCB=(BLKSIZE=133,LRECL=133,BUFL=133,BUFNO=2,RECFM=FM)    00090000                                                    
                                                                                                                                    
                                                                                                                                    
//RDRD     JOB MSGLEVEL=1                                                                                                           
//STARTING EXEC RDRD                                                                                                                
XXRDRD     PROC R=050,T=030,M=MYFIRST                                   00000010                                                    
XXIEFPROC  EXEC PGM=IEFIRC,REGION=56K,         READER FIRST LOAD       ,00000020                                                    
XX         PARM='801&T.050010249&R.11SYSDA   E00020A'  DEFAULT OPTIONS ,00000030                                                    
IEF653I SUBSTITUTION JCL - PARM='80103005001024905011SYSDA   E00020A'                                                               
XX*              BPPTTTOOOMMMIIICCCRLSSSSSSSSAAAAEFH   PARM FIELD       00000040                                                    
XXIEFRDER  DD   DSN=SYS1.PROCLIB(&M),DISP=SHR                           00000050                                                    
IEF653I SUBSTITUTION JCL - DSN=SYS1.PROCLIB(MYFIRST),DISP=SHR                                                                       
XXIEFPDSI  DD   DSNAME=SYS1.PROCLIB,DISP=SHR     PROCEDURE LIBRARY      00000060                                                    
XXIEFDATA  DD   UNIT=SYSDA,DCB=(DSORG=PS,RECFM=FB,LRECL=80,BLKSIZE=400, 00000070                                                    
XX         BUFNO=2,BUFL=400),SPACE=(80,(500,100),RLSE,CONTIG)           00000080                                                    
                                                                                                                                    
                                                                                                                                    
//MYFIRST JOB MSGLEVEL=1                                                00000100                                                    
// EXEC PL1LFCLG                                                        00000200                                                    
***L1L.SYSPRINT DD UNIT=00E                                             00000300                                                    
XXPL1L   EXEC  PGM=IEMAA,PARM='LOAD,NODECK',REGION=52K                  00010000                                                    
XXSYSPRINT DD  SYSOUT=A                                                 00020000                                                    
XXSYSLIN   DD  DSNAME=&&LOADSET,DISP=(MOD,PASS),UNIT=SYSSQ,            *00030000                                                    
XX             SPACE=(80,(250,100))                                     00040000                                                    
XXSYSUT3  DD  DSNAME=&&SYSUT3,UNIT=SYSDA,SPACE=(80,(250,250)),         *00050000                                                    
XX             DCB=BLKSIZE=80                                           00060000                                                    
XXSYSUT1   DD  DSNAME=&&SYSUT1,UNIT=SYSDA,SPACE=(1024,(60,60),,CONTIG),*00070000                                                    
XX             SEP=(SYSUT3,SYSLIN),DCB=BLKSIZE=1024                     00080000                                                    
//PL1L.SYSIN DD DSN=SYS1.PROCLIB(MYTEST),DISP=SHR                       00000400                                                    
***KED.SYSPRINT DD UNIT=00E                                             00000500                                                    
                                                                                                                                    
                                                                                                                                    
                                                                                                            PAGE      1             
OC EC  PL1  58-02.79                                   DATE 13.04.97 (103)                                                          
PL1 -- COMPILER OPTIONS SPECIFIED ARE AS FOLLOWS -                                                                                  
     LOAD,NODECK                                                                                                                    
IEM3911 SIZE AVAILABLE FOUND TO BE    43410 BYTES. SIZE=44K ASSUMED. COMPILATION CONTINUES.                                         
           MPD:PROCEDURE OPTIONS(MAIN);                                           00000001                  PAGE      2             
   STMT LEVEL NEST                                                                                                                  
     1               MPD:PROCEDURE OPTIONS(MAIN);                                           00000001                                
     2     1         P:GET LIST(R);                                                         00000002                                
     3     1          A= 1.0000;                                                            00000003                                
     4     1          N=1;                                                                  00000004                                
     5     1           F= 1+R;                                                              00000005                                
     6     1          PUT LIST(R);                                                          00000006                                
     7     1         Q: A= A*F;                                                             00000007                                
     8     1          PUT LIST(N,A);                                                        00000008                                
     9     1          N=N+1;                                                                00000009                                
    10     1          IF N<20 THEN GOTO Q;                                                  00000010                                
    12     1                   ELSE GOTO P;                                                 00000011                                
    13     1         END MPD;                                                               00000012                                
           MPD:PROCEDURE OPTIONS(MAIN);                                           00000001                  PAGE      3             
          STORAGE REQUIREMENTS.                                                                                                     
          ----------------------                                                                                                    
          THE STORAGE AREA FOR THE PROCEDURE LABELLED MPD IS 200 BYTES LONG.                                                        
          THE PROGRAM CSECT IS NAMED MPD      AND IS 296 BYTES LONG.                                                                
          THE STATIC  CSECT IS NAMED ****MPDA AND IS 138 BYTES LONG.                                                                
*STATISTICS*     SOURCE RECORDS =       12,PROG TEXT STMNTS =       13,OBJECT BYTES =      296                                      
           MPD:PROCEDURE OPTIONS(MAIN);                                           00000001                  PAGE      4             
    COMPILER DIAGNOSTICS.                                                                                                           
                                                                                                                                    
 WARNINGS.                                                                                                                          
    IEM0227I          NO FILE/STRING OPTION SPECIFIED IN ONE OR MORE GET/PUT STATEMENTS. SYSIN/SYSPRINT HAS BEEN                    
                      ASSUMED IN EACH CASE.                                                                                         
    IEM0764I          ONE OR MORE FIXED BINARY ITEMS OF PRECISION 15 OR LESS HAVE BEEN GIVEN HALFWORD STORAGE. THEY                 
                      ARE FLAGGED '*********' IN THE XREF/ATR LIST.                                                                 
                                                                                                                                    
 END OF DIAGNOSTICS.                                                                                                                
AUXILIARY STORAGE WILL NOT BE USED FOR DICTIONARY WHEN SIZE =  48K                                                                  
COMPILE TIME        2.88 MINS                                                                                                       
ELAPSED TIME        0.37 MINS                                                                                                       
                                                                                                                                    
                                                                                                                                    
IEF142I - STEP WAS EXECUTED - COND CODE 0004                                                                                        
IEF373I STEP /PL1L    / START 97103.1941                                                                                            
IEF374I STEP /PL1L    / STOP  97103.1942 CPU   3MIN 02.07SEC MAIN  52K                                                              
XXLKED   EXEC  PGM=IEWL,PARM='XREF,LIST',COND=(9,LT,PL1L),             *00090000                                                    
XX             REGION=96K                                               00100000                                                    
XXSYSLIB   DD  DSNAME=SYS1.PL1LIB,DISP=SHR                              00110000                                                    
XXSYSLMOD  DD  DSNAME=&&GOSET(GO),DISP=(MOD,PASS),                     *00120000                                                    
XX             UNIT=SYSDA,SPACE=(1024,(50,20,1),RLSE)                   00130000                                                    
XXSYSUT1   DD  DSNAME=&&SYSUT1,UNIT=SYSDA,SPACE=(1024,(200,20)),       *00140000                                                    
XX             SEP=(SYSLMOD,SYSLIB),DCB=BLKSIZE=1024                    00150000                                                    
XXSYSPRINT DD  SYSOUT=A                                                 00160000                                                    
XXSYSLIN   DD  DSNAME=&&LOADSET,DISP=(OLD,DELETE)                       00170000                                                    
XX         DD  DDNAME=SYSIN                                             00180000                                                    
                                                                                                                                    
                                                                                                                                    
                                                                                                                                    
128K LINKAGE EDITOR       OPTIONS SPECIFIED XREF,LIST                                                                               
                          DEFAULT OPTION(S) USED - SIZE=(131072,28672)                                                              
IEW0233                                                                                                                             
IEW0294  SYNAD EXIT                       ,MYFIRST ,LKED    ,132,DA,SYSLIB  ,READ  ,NO REC FOUND   ,000000AF000006,BPAM             
                                                                                                                                    
                                             DIAGNOSTIC MESSAGE DIRECTORY                                                           
   IEW0233 ERROR - INPUT FROM LOAD MODULE IS INVALID.                                                                               
   IEW0294 ERROR - DDNAME PRINTED HAD SYNCHRONOUS ERROR.                                                                            
                                                                                                                                    
                                                                                                                                    
                                                                                                                                    
IEF142I - STEP WAS EXECUTED - COND CODE 0016                                                                                        
IEF373I STEP /LKED    / START 97103.1942                                                                                            
IEF374I STEP /LKED    / STOP  97103.1943 CPU   1MIN 32.52SEC MAIN  96K                                                              
XXGO     EXEC  PGM=*.LKED.SYSLMOD,COND=((9,LT,LKED),(9,LT,PL1L))        00190000                                                    
XXSYSPRINT DD  SYSOUT=A                                                 00200000                                                    
//GO.SYSIN DD *                                                         00000600                                                    
//GO.SYSPRINT DD SYSOUT=A                                               00000800                                                    
//                                                                      00000900                                                    
IEF202I - STEP - GO      , WAS NOT RUN BECAUSE OF CONDITION CODES.                                                                  
IEF373I STEP /GO      / START 97103.1943                                                                                            
IEF374I STEP /GO      / STOP  97103.1943 CPU   0MIN 00.00SEC MAIN   0K                                                              
IEF375I  JOB /MYFIRST / START 97103.1941                                                                                            
IEF376I  JOB /MYFIRST / STOP  97103.1943 CPU   4MIN 34.59SEC                                                                        
